//----------------------------------------------------------------------------//
// Generated by LegUp High-Level Synthesis Tool Version 4.0 (http://legup.org)
// Compiled: Wed Nov 16 11:06:04 2016
// University of Toronto
// For research and academic purposes only. Commercial use is prohibited.
// Please send bugs to: legup@eecg.toronto.edu
// Date: Sat Nov 19 13:01:30 2016
//----------------------------------------------------------------------------//

allocateRAM: @qq4_code4_table
Constant: 1
allocateRAM: @qq6_code6_table
Constant: 1
allocateRAM: @wl_code_table
Constant: 1
allocateRAM: @ilb_table
Constant: 1
allocateRAM: @decis_levl
Constant: 1
allocateRAM: @quant26bt_pos
Constant: 1
allocateRAM: @quant26bt_neg
Constant: 1
allocateRAM: @qq2_code2_table
Constant: 1
allocateRAM: @wh_code_table
Constant: 1
allocateRAM: @tqmf
Constant: 0
allocateRAM: @delay_bpl
Constant: 0
allocateRAM: @delay_dltx
Constant: 0
allocateRAM: @delay_bph
Constant: 0
allocateRAM: @delay_dhx
Constant: 0
allocateRAM: @dec_del_bpl
Constant: 0
allocateRAM: @dec_del_dltx
Constant: 0
allocateRAM: @dec_del_bph
Constant: 0
allocateRAM: @dec_del_dhx
Constant: 0
allocateRAM: @test_data
Constant: 1
allocateRAM: @test_compressed
Constant: 1
allocateRAM: @test_result
Constant: 1
allocateRAM: @compressed
Constant: 0
allocateRAM: @result
Constant: 0
allocating global ram: @qq4_code4_table
allocating global ram: @qq6_code6_table
allocating global ram: @wl_code_table
allocating global ram: @ilb_table
allocating global ram: @decis_levl
allocating global ram: @quant26bt_pos
allocating global ram: @quant26bt_neg
allocating global ram: @qq2_code2_table
allocating global ram: @wh_code_table
allocating global ram: @tqmf
allocating global ram: @delay_bpl
allocating global ram: @delay_dltx
allocating global ram: @delay_bph
allocating global ram: @delay_dhx
allocating global ram: @dec_del_bpl
allocating global ram: @dec_del_dltx
allocating global ram: @dec_del_bph
allocating global ram: @dec_del_dhx
allocating global ram: @test_data
allocating global ram: @test_compressed
allocating global ram: @test_result
allocating global ram: @compressed
allocating global ram: @result
