//----------------------------------------------------------------------------//
// Generated by LegUp High-Level Synthesis Tool Version 4.0 (http://legup.org)
// Compiled: Wed Nov 16 11:06:04 2016
// University of Toronto
// For research and academic purposes only. Commercial use is prohibited.
// Please send bugs to: legup@eecg.toronto.edu
// Date: Sat Nov 19 13:01:32 2016
//----------------------------------------------------------------------------//

-------------------------- Datapath Operation Usage --------------------------

Operation "unknown" x 297 
Operation "bitwise_OR_32" x 1 
Operation "shift_ra_32" x 4 
Operation "signed_add_32" x 119 
Operation "signed_add_64" x 2 
Operation "signed_comp_eq_32" x 7 
Operation "signed_comp_eq_64" x 1 
Operation "signed_comp_eq_mux_32" x 31 
Operation "signed_comp_gt_32" x 20 
Operation "signed_comp_lt_32" x 14 
Operation "signed_divide_32" x 2 
Operation "signed_multiply_32" x 11 
Operation "signed_multiply_nodsp_32" x 110 
Operation "signed_subtract_32" x 22 

----------------------------- General Information -----------------------------

Number of declared variables in main: 734
Critical path contains operation: signed_divide_32

------------------------------ Resource Estimate ------------------------------

Fmax: 8 MHz
Note: Assuming only 70 DSPs available
Warning: These estimates don't account for binding yet!
Logic Elements: 76755
    Combinational: 87336
    Registers: 22314
DSP Elements: 66
