//----------------------------------------------------------------------------//
// Generated by LegUp High-Level Synthesis Tool Version 4.0 (http://legup.org)
// Compiled: Wed Nov 16 11:06:04 2016
// University of Toronto
// For research and academic purposes only. Commercial use is prohibited.
// Please send bugs to: legup@eecg.toronto.edu
// Date: Sat Nov 19 13:01:32 2016
//----------------------------------------------------------------------------//

-----------------Function: main---------------
-------------------------1---------------------------
-----------------Delay of path:13.00 ns---------------
-----------------State:LEGUP_F_main_BB_preheaderi_107-----------------
(0.00 ns) --- (0.00 ns) ---   %indvar = phi i32 [ %indvar.next, %.preheader.i ], [ 0, %.preheader.i.preheader ]
(0.00 ns) --- (0.00 ns) ---   %i.11.i = shl i32 %indvar, 1
(13.00 ns) --- (13.00 ns) ---   %252 = sdiv i32 %i.11.i, 2

-----------------Function: main---------------
-------------------------2---------------------------
-----------------Delay of path:13.00 ns---------------
-----------------State:LEGUP_F_main_BB_quantlexiti_54-----------------
(13.00 ns) --- (13.00 ns) ---   %234 = sdiv i32 %i.02.i, 2

-----------------Function: main---------------
-------------------------3---------------------------
-----------------Delay of path:13.00 ns---------------
-----------------State:LEGUP_F_main_BB_quantlexiti_54-----------------
(13.00 ns) --- (13.00 ns) ---   %quant26bt_pos.quant26bt_neg.i.i = select i1 %111, [31 x i32]* @quant26bt_pos, [31 x i32]* @quant26bt_neg

-----------------Function: main---------------
-------------------------4---------------------------
-----------------Delay of path:12.04 ns---------------
-----------------State:LEGUP_F_main_BB_quantlexiti_73-----------------
(3.81 ns) --- (3.81 ns) ---   %187 = add nsw i32 %186, %183
(3.80 ns) --- (7.61 ns) ---   %188 = sub nsw i32 %81, %187
(4.43 ns) --- (12.04 ns) ---   %193 = icmp sgt i32 %188, -1

-----------------Function: main---------------
-------------------------5---------------------------
-----------------Delay of path:11.83 ns---------------
-----------------State:LEGUP_F_main_BB_quantlexiti_80-----------------
(4.43 ns) --- (4.43 ns) ---   %212 = icmp sgt i32 %211, -1
(3.58 ns) --- (8.02 ns) ---   %.1.i.i16 = select i1 %212, i32 %213, i32 %210
(0.00 ns) --- (8.02 ns) ---   %214 = ashr i32 %.1.i.i16, 7
(3.81 ns) --- (11.82 ns) ---   %wd4.0.i.i17 = add nsw i32 %214, %220

-----------------Function: main---------------
-------------------------6---------------------------
-----------------Delay of path:11.83 ns---------------
-----------------State:LEGUP_F_main_BB_quantlexiti_77-----------------
(4.43 ns) --- (4.43 ns) ---   %140 = icmp sgt i32 %139, -1
(3.58 ns) --- (8.02 ns) ---   %.1.i8.i5 = select i1 %140, i32 %141, i32 %138
(0.00 ns) --- (8.02 ns) ---   %142 = ashr i32 %.1.i8.i5, 7
(3.81 ns) --- (11.82 ns) ---   %wd4.0.i9.i6 = add nsw i32 %142, %148

-----------------Function: main---------------
-------------------------7---------------------------
-----------------Delay of path:11.82 ns---------------
-----------------State:LEGUP_F_main_BB_quantlexiti_81-----------------
(3.81 ns) --- (3.81 ns) ---   %221 = add nsw i32 %wd4.0.i.i17, %218
(4.43 ns) --- (8.24 ns) ---   %222 = icmp sgt i32 %221, 12288
(3.58 ns) --- (11.82 ns) ---   %..i.i18 = select i1 %222, i32 12288, i32 %221

-----------------Function: main---------------
-------------------------8---------------------------
-----------------Delay of path:11.82 ns---------------
-----------------State:LEGUP_F_main_BB_quantlexiti_80-----------------
(3.81 ns) --- (3.81 ns) ---   %149 = add nsw i32 %wd4.0.i9.i6, %146
(4.43 ns) --- (8.24 ns) ---   %150 = icmp sgt i32 %149, 12288
(3.58 ns) --- (11.82 ns) ---   %..i10.i7 = select i1 %150, i32 12288, i32 %149

-----------------Function: main---------------
-------------------------9---------------------------
-----------------Delay of path:11.82 ns---------------
-----------------State:LEGUP_F_main_BB_quantlexiti_78-----------------
(3.81 ns) --- (3.81 ns) ---   %202 = add nsw i32 %nbh.0, %201
(4.43 ns) --- (8.24 ns) ---   %203 = icmp slt i32 %202, 0
(3.58 ns) --- (11.82 ns) ---   %..i1.i14 = select i1 %203, i32 0, i32 %202

-----------------Function: main---------------
-------------------------10---------------------------
-----------------Delay of path:11.82 ns---------------
-----------------State:LEGUP_F_main_BB_quantlexiti_59-----------------
(3.81 ns) --- (3.81 ns) ---   %130 = add nsw i32 %nbl.0, %129
(4.43 ns) --- (8.24 ns) ---   %131 = icmp slt i32 %130, 0
(3.58 ns) --- (11.82 ns) ---   %..i12.i3 = select i1 %131, i32 0, i32 %130


