//----------------------------------------------------------------------------//
// Generated by LegUp High-Level Synthesis Tool Version 4.0 (http://legup.org)
// Compiled: Fri Nov 25 00:05:27 2016
// University of Toronto
// For research and academic purposes only. Commercial use is prohibited.
// Please send bugs to: legup@eecg.toronto.edu
// Date: Fri Nov 25 14:59:29 2016
//----------------------------------------------------------------------------//

-------------------------- Datapath Operation Usage --------------------------

Operation "unknown" x 1087 
Operation "bitwise_AND_32" x 7 
Operation "bitwise_OR_16" x 6 
Operation "bitwise_OR_32" x 6 
Operation "bitwise_XOR_32" x 1 
Operation "shift_ll_32" x 1 
Operation "shift_rl_32" x 2 
Operation "signed_add_32" x 361 
Operation "signed_comp_eq_16" x 6 
Operation "signed_comp_eq_32" x 68 
Operation "signed_comp_eq_8" x 18 
Operation "signed_comp_eq_mux_32" x 38 
Operation "signed_comp_gt_32" x 41 
Operation "signed_comp_gt_8" x 2 
Operation "signed_comp_lt_32" x 30 
Operation "signed_divide_32" x 3 
Operation "signed_multiply_32" x 11 
Operation "signed_multiply_nodsp_32" x 55 
Operation "signed_subtract_32" x 74 
Operation "unsigned_comp_gt_32" x 15 

----------------------------- General Information -----------------------------

Number of declared variables in main: 1716
Critical path contains operation: signed_divide_32

------------------------------ Resource Estimate ------------------------------

Fmax: 8 MHz
Note: Assuming only 70 DSPs available
Warning: These estimates don't account for binding yet!
Logic Elements: 76352
    Combinational: 63438
    Registers: 45637
DSP Elements: 66
