//----------------------------------------------------------------------------//
// Generated by LegUp High-Level Synthesis Tool Version 4.0 (http://legup.org)
// Compiled: Fri Nov 25 00:05:27 2016
// University of Toronto
// For research and academic purposes only. Commercial use is prohibited.
// Please send bugs to: legup@eecg.toronto.edu
// Date: Fri Nov 25 14:59:24 2016
//----------------------------------------------------------------------------//

-----------------Function: ChenIDct---------------
-------------------------1---------------------------
-----------------Delay of path:16.81 ns---------------
-----------------State:LEGUP_F_ChenIDct_BB_preheader_28-----------------
(0.00 ns) --- (0.00 ns) ---   %142 = ashr i32 %141, 31
(0.00 ns) --- (0.00 ns) ---   %143 = and i32 %142, -16
(0.00 ns) --- (0.00 ns) ---   %144 = or i32 %143, 8
(3.81 ns) --- (3.81 ns) ---   %145 = add i32 %144, %141
(13.00 ns) --- (16.81 ns) ---   %146 = sdiv i32 %145, 16

-----------------Function: ChenIDct---------------
-------------------------2---------------------------
-----------------Delay of path:16.81 ns---------------
-----------------State:LEGUP_F_ChenIDct_BB_preheader_28-----------------
(3.81 ns) --- (3.81 ns) ---   %145 = add i32 %144, %141
(13.00 ns) --- (16.81 ns) ---   %146 = sdiv i32 %145, 16

-----------------Function: ChenIDct---------------
-------------------------3---------------------------
-----------------Delay of path:10.31 ns---------------
-----------------State:LEGUP_F_ChenIDct_BB__1_5-----------------
(6.50 ns) --- (6.50 ns) ---   %20 = mul i32 %18, -2008
(3.81 ns) --- (10.31 ns) ---   %21 = add i32 %20, %19
(0.00 ns) --- (10.31 ns) ---   %22 = ashr i32 %21, 9

-----------------Function: ChenIDct---------------
-------------------------4---------------------------
-----------------Delay of path:10.31 ns---------------
-----------------State:LEGUP_F_ChenIDct_BB__1_5-----------------
(6.50 ns) --- (6.50 ns) ---   %23 = mul i32 %16, 1704
(3.81 ns) --- (10.31 ns) ---   %25 = add i32 %23, %24
(0.00 ns) --- (10.31 ns) ---   %26 = ashr i32 %25, 9

-----------------Function: ChenIDct---------------
-------------------------5---------------------------
-----------------Delay of path:10.31 ns---------------
-----------------State:LEGUP_F_ChenIDct_BB__1_5-----------------
(6.50 ns) --- (6.50 ns) ---   %28 = mul i32 %16, 1136
(3.81 ns) --- (10.31 ns) ---   %29 = add nsw i32 %28, %27
(0.00 ns) --- (10.31 ns) ---   %30 = ashr i32 %29, 9

-----------------Function: ChenIDct---------------
-------------------------6---------------------------
-----------------Delay of path:10.31 ns---------------
-----------------State:LEGUP_F_ChenIDct_BB__1_5-----------------
(6.50 ns) --- (6.50 ns) ---   %32 = mul i32 %18, 400
(3.81 ns) --- (10.31 ns) ---   %33 = add nsw i32 %32, %31
(0.00 ns) --- (10.31 ns) ---   %34 = ashr i32 %33, 9

-----------------Function: ChenIDct---------------
-------------------------7---------------------------
-----------------Delay of path:10.31 ns---------------
-----------------State:LEGUP_F_ChenIDct_BB__1_7-----------------
(0.00 ns) --- (0.00 ns) ---   %15 = shl i32 %14, 2
(3.81 ns) --- (3.81 ns) ---   %35 = add nsw i32 %15, %10
(6.50 ns) --- (10.31 ns) ---   %36 = mul nsw i32 %35, 362
(0.00 ns) --- (10.31 ns) ---   %37 = ashr i32 %36, 9

-----------------Function: ChenIDct---------------
-------------------------8---------------------------
-----------------Delay of path:10.31 ns---------------
-----------------State:LEGUP_F_ChenIDct_BB__1_7-----------------
(3.81 ns) --- (3.81 ns) ---   %35 = add nsw i32 %15, %10
(6.50 ns) --- (10.31 ns) ---   %36 = mul nsw i32 %35, 362
(0.00 ns) --- (10.31 ns) ---   %37 = ashr i32 %36, 9

-----------------Function: ChenIDct---------------
-------------------------9---------------------------
-----------------Delay of path:10.31 ns---------------
-----------------State:LEGUP_F_ChenIDct_BB__1_7-----------------
(6.50 ns) --- (6.50 ns) ---   %42 = mul i32 %17, -1892
(3.81 ns) --- (10.31 ns) ---   %43 = add i32 %42, %41
(0.00 ns) --- (10.31 ns) ---   %44 = ashr i32 %43, 9

-----------------Function: ChenIDct---------------
-------------------------10---------------------------
-----------------Delay of path:10.31 ns---------------
-----------------State:LEGUP_F_ChenIDct_BB__1_7-----------------
(6.50 ns) --- (6.50 ns) ---   %46 = mul i32 %17, 784
(3.81 ns) --- (10.31 ns) ---   %47 = add nsw i32 %46, %45
(0.00 ns) --- (10.31 ns) ---   %48 = ashr i32 %47, 9


-----------------Function: Write4Blocks---------------
-------------------------1---------------------------
-----------------Delay of path:11.82 ns---------------
-----------------State:LEGUP_F_Write4Blocks_BB_lrph8splitusi_5-----------------
(0.00 ns) --- (0.00 ns) ---   %20 = shl i32 %1, 3
(3.81 ns) --- (3.81 ns) ---   %21 = add i32 %20, 8
(4.43 ns) --- (8.24 ns) ---   %23 = icmp sgt i32 %21, %22
(3.58 ns) --- (11.82 ns) ---   %smax51 = select i1 %23, i32 %21, i32 %22

-----------------Function: Write4Blocks---------------
-------------------------2---------------------------
-----------------Delay of path:11.82 ns---------------
-----------------State:LEGUP_F_Write4Blocks_BB_lrph8splitusi49_20-----------------
(0.00 ns) --- (0.00 ns) ---   %52 = shl i32 %3, 3
(3.81 ns) --- (3.81 ns) ---   %57 = add i32 %52, 15
(4.43 ns) --- (8.24 ns) ---   %58 = icmp sgt i32 %57, %53
(3.58 ns) --- (11.82 ns) ---   %smax28 = select i1 %58, i32 %57, i32 %53

-----------------Function: Write4Blocks---------------
-------------------------3---------------------------
-----------------Delay of path:11.82 ns---------------
-----------------State:LEGUP_F_Write4Blocks_BB_lrph8splitusi49_20-----------------
(0.00 ns) --- (0.00 ns) ---   %52 = shl i32 %3, 3
(3.81 ns) --- (3.81 ns) ---   %53 = add i32 %52, 8
(4.43 ns) --- (8.24 ns) ---   %58 = icmp sgt i32 %57, %53
(3.58 ns) --- (11.82 ns) ---   %smax28 = select i1 %58, i32 %57, i32 %53

-----------------Function: Write4Blocks---------------
-------------------------4---------------------------
-----------------Delay of path:11.82 ns---------------
-----------------State:LEGUP_F_Write4Blocks_BB_lrph8splitusi49_20-----------------
(0.00 ns) --- (0.00 ns) ---   %62 = shl i32 %1, 3
(3.81 ns) --- (3.81 ns) ---   %63 = add i32 %62, 8
(4.43 ns) --- (8.24 ns) ---   %65 = icmp sgt i32 %63, %64
(3.58 ns) --- (11.82 ns) ---   %smax35 = select i1 %65, i32 %63, i32 %64

-----------------Function: Write4Blocks---------------
-------------------------5---------------------------
-----------------Delay of path:11.82 ns---------------
-----------------State:LEGUP_F_Write4Blocks_BB_lrph8splitusi49_20-----------------
(0.00 ns) --- (0.00 ns) ---   %74 = shl i32 %3, 3
(3.81 ns) --- (3.81 ns) ---   %80 = add i32 %74, 15
(4.43 ns) --- (8.24 ns) ---   %81 = icmp sgt i32 %80, %77
(3.58 ns) --- (11.82 ns) ---   %smax39 = select i1 %81, i32 %80, i32 %77

-----------------Function: Write4Blocks---------------
-------------------------6---------------------------
-----------------Delay of path:11.82 ns---------------
-----------------State:LEGUP_F_Write4Blocks_BB_lrph8splitusi49_20-----------------
(0.00 ns) --- (0.00 ns) ---   %74 = shl i32 %3, 3
(3.81 ns) --- (3.81 ns) ---   %77 = add i32 %74, 8
(4.43 ns) --- (8.24 ns) ---   %81 = icmp sgt i32 %80, %77
(3.58 ns) --- (11.82 ns) ---   %smax39 = select i1 %81, i32 %80, i32 %77

-----------------Function: Write4Blocks---------------
-------------------------7---------------------------
-----------------Delay of path:11.82 ns---------------
-----------------State:LEGUP_F_Write4Blocks_BB_lrph8splitusi29_32-----------------
(0.00 ns) --- (0.00 ns) ---   %104 = shl i32 %1, 3
(3.81 ns) --- (3.81 ns) ---   %105 = add i32 %104, 16
(4.43 ns) --- (8.24 ns) ---   %107 = icmp sgt i32 %105, %106
(3.58 ns) --- (11.82 ns) ---   %smax19 = select i1 %107, i32 %105, i32 %106

-----------------Function: Write4Blocks---------------
-------------------------8---------------------------
-----------------Delay of path:11.82 ns---------------
-----------------State:LEGUP_F_Write4Blocks_BB_lrph8splitusi29_32-----------------
(0.00 ns) --- (0.00 ns) ---   %104 = shl i32 %1, 3
(3.81 ns) --- (3.81 ns) ---   %106 = add i32 %104, 9
(4.43 ns) --- (8.24 ns) ---   %107 = icmp sgt i32 %105, %106
(3.58 ns) --- (11.82 ns) ---   %smax19 = select i1 %107, i32 %105, i32 %106

-----------------Function: Write4Blocks---------------
-------------------------9---------------------------
-----------------Delay of path:11.82 ns---------------
-----------------State:LEGUP_F_Write4Blocks_BB_lrph8splitusi9_44-----------------
(0.00 ns) --- (0.00 ns) ---   %134 = shl i32 %3, 3
(3.81 ns) --- (3.81 ns) ---   %139 = add i32 %134, 15
(4.43 ns) --- (8.24 ns) ---   %140 = icmp sgt i32 %139, %135
(3.58 ns) --- (11.82 ns) ---   %smax = select i1 %140, i32 %139, i32 %135

-----------------Function: Write4Blocks---------------
-------------------------10---------------------------
-----------------Delay of path:11.82 ns---------------
-----------------State:LEGUP_F_Write4Blocks_BB_lrph8splitusi9_44-----------------
(0.00 ns) --- (0.00 ns) ---   %134 = shl i32 %3, 3
(3.81 ns) --- (3.81 ns) ---   %135 = add i32 %134, 8
(4.43 ns) --- (8.24 ns) ---   %140 = icmp sgt i32 %139, %135
(3.58 ns) --- (11.82 ns) ---   %smax = select i1 %140, i32 %139, i32 %135


-----------------Function: buf_getv---------------
-------------------------1---------------------------
-----------------Delay of path:10.31 ns---------------
-----------------State:LEGUP_F_buf_getv_BB__9_7-----------------
(0.00 ns) --- (0.00 ns) ---   %indvar = phi i32 [ %indvar.next, %pgetc.exit4 ], [ 0, %.lr.ph ]
(6.50 ns) --- (6.50 ns) ---   %12 = mul i32 %indvar, -8
(3.81 ns) --- (10.31 ns) ---   %13 = add i32 %6, %12

-----------------Function: buf_getv---------------
-------------------------2---------------------------
-----------------Delay of path:10.31 ns---------------
-----------------State:LEGUP_F_buf_getv_BB__9_7-----------------
(0.00 ns) --- (0.00 ns) ---   %indvar = phi i32 [ %indvar.next, %pgetc.exit4 ], [ 0, %.lr.ph ]
(6.50 ns) --- (6.50 ns) ---   %12 = mul i32 %indvar, -8
(3.81 ns) --- (10.31 ns) ---   %p.06 = add i32 %8, %12

-----------------Function: buf_getv---------------
-------------------------3---------------------------
-----------------Delay of path:8.56 ns---------------
-----------------State:LEGUP_F_buf_getv_BB_pgetcexit_20-----------------
(3.80 ns) --- (3.80 ns) ---   %28 = sub nsw i32 8, %p.06
(4.13 ns) --- (7.93 ns) ---   %29 = lshr i32 %.0.i, %28
(0.63 ns) --- (8.56 ns) ---   %30 = or i32 %29, %16

-----------------Function: buf_getv---------------
-------------------------4---------------------------
-----------------Delay of path:8.23 ns---------------
-----------------State:LEGUP_F_buf_getv_BB__0_3-----------------
(3.80 ns) --- (3.80 ns) ---   %3 = sub nsw i32 %1, %2
(4.43 ns) --- (8.23 ns) ---   %4 = icmp sgt i32 %3, 0
(0.00 ns) --- (8.23 ns) ---   br i1 %4, label %.lr.ph, label %._crit_edge

-----------------Function: buf_getv---------------
-------------------------5---------------------------
-----------------Delay of path:7.61 ns---------------
-----------------State:LEGUP_F_buf_getv_BB_lrph_4-----------------
(3.81 ns) --- (3.81 ns) ---   %5 = add i32 %n, -9
(3.80 ns) --- (7.61 ns) ---   %6 = sub i32 %5, %2

-----------------Function: buf_getv---------------
-------------------------6---------------------------
-----------------Delay of path:7.61 ns---------------
-----------------State:LEGUP_F_buf_getv_BB_lrph_4-----------------
(3.81 ns) --- (3.81 ns) ---   %7 = add i32 %n, -1
(3.80 ns) --- (7.61 ns) ---   %8 = sub i32 %7, %2

-----------------Function: buf_getv---------------
-------------------------7---------------------------
-----------------Delay of path:4.79 ns---------------
-----------------State:LEGUP_F_buf_getv_BB__58_45-----------------
(4.13 ns) --- (4.13 ns) ---   %62 = lshr i32 %61, %59
(0.66 ns) --- (4.79 ns) ---   %65 = and i32 %62, %64

-----------------Function: buf_getv---------------
-------------------------8---------------------------
-----------------Delay of path:4.76 ns---------------
-----------------State:LEGUP_F_buf_getv_BB_pgetcexit_20-----------------
(0.00 ns) --- (0.00 ns) ---   %.0.i = phi i32 [ %temp.0.i, %27 ], [ 255, %21 ]
(4.13 ns) --- (4.13 ns) ---   %29 = lshr i32 %.0.i, %28
(0.63 ns) --- (4.76 ns) ---   %30 = or i32 %29, %16

-----------------Function: buf_getv---------------
-------------------------9---------------------------
-----------------Delay of path:4.43 ns---------------
-----------------State:LEGUP_F_buf_getv_BB__9_7-----------------
(0.00 ns) --- (0.00 ns) ---   %11 = phi i32 [ %50, %pgetc.exit4 ], [ %2, %.lr.ph ]
(4.43 ns) --- (4.43 ns) ---   %14 = icmp sgt i32 %11, 23
(0.00 ns) --- (4.43 ns) ---   br i1 %14, label %15, label %35

-----------------Function: buf_getv---------------
-------------------------10---------------------------
-----------------Delay of path:4.43 ns---------------
-----------------State:LEGUP_F_buf_getv_BB_pgetcexit4_36-----------------
(4.43 ns) --- (4.43 ns) ---   %51 = icmp sgt i32 %13, 0
(0.00 ns) --- (4.43 ns) ---   br i1 %51, label %9, label %._crit_edge.loopexit


-----------------Function: huff_make_dhuff_tb---------------
-------------------------1---------------------------
-----------------Delay of path:11.83 ns---------------
-----------------State:LEGUP_F_huff_make_dhuff_tb_BB__crit_edge_10-----------------
(4.43 ns) --- (4.43 ns) ---   %4 = icmp sgt i32 %1, 1
(3.58 ns) --- (8.02 ns) ---   %smax = select i1 %4, i32 %1, i32 1
(3.81 ns) --- (11.82 ns) ---   %5 = add i32 %p.014, %smax

-----------------Function: huff_make_dhuff_tb---------------
-------------------------2---------------------------
-----------------Delay of path:8.24 ns---------------
-----------------State:LEGUP_F_huff_make_dhuff_tb_BB__13_17-----------------
(0.00 ns) --- (0.00 ns) ---   %indvar6 = phi i32 [ %indvar.next7, %13 ], [ 0, %.outer ]
(3.81 ns) --- (3.81 ns) ---   %15 = add i32 %11, %indvar6
(4.43 ns) --- (8.24 ns) ---   %19 = icmp slt i32 %15, 257

-----------------Function: huff_make_dhuff_tb---------------
-------------------------3---------------------------
-----------------Delay of path:6.14 ns---------------
-----------------State:LEGUP_F_huff_make_dhuff_tb_BB_lrph_7-----------------
(0.00 ns) --- (0.00 ns) ---   %indvar12 = phi i32 [ 0, %.lr.ph.preheader ], [ %indvar.next13, %.lr.ph ]
(3.81 ns) --- (3.81 ns) ---   %indvar.next13 = add i32 %indvar12, 1
(2.34 ns) --- (6.14 ns) ---   %exitcond14 = icmp eq i32 %indvar.next13, %1
(0.00 ns) --- (6.14 ns) ---   br i1 %exitcond14, label %._crit_edge, label %.lr.ph

-----------------Function: huff_make_dhuff_tb---------------
-------------------------4---------------------------
-----------------Delay of path:6.14 ns---------------
-----------------State:LEGUP_F_huff_make_dhuff_tb_BB__6_11-----------------
(3.81 ns) --- (3.81 ns) ---   %indvar.next17 = add i32 %indvar16, 1
(2.34 ns) --- (6.14 ns) ---   %exitcond18 = icmp eq i32 %indvar.next17, 16
(0.00 ns) --- (6.14 ns) ---   br i1 %exitcond18, label %7, label %.preheader3

-----------------Function: huff_make_dhuff_tb---------------
-------------------------5---------------------------
-----------------Delay of path:6.14 ns---------------
-----------------State:LEGUP_F_huff_make_dhuff_tb_BB_preheader2_23-----------------
(0.00 ns) --- (0.00 ns) ---   %indvar10 = phi i32 [ 0, %.preheader2.preheader ], [ %indvar.next11, %.preheader2 ]
(3.81 ns) --- (3.81 ns) ---   %indvar.next11 = add i32 %indvar10, 1
(2.34 ns) --- (6.14 ns) ---   %exitcond = icmp eq i32 %indvar.next11, %21
(0.00 ns) --- (6.14 ns) ---   br i1 %exitcond, label %.outer.loopexit, label %.preheader2

-----------------Function: huff_make_dhuff_tb---------------
-------------------------6---------------------------
-----------------Delay of path:6.14 ns---------------
-----------------State:LEGUP_F_huff_make_dhuff_tb_BB__34_35-----------------
(3.81 ns) --- (3.81 ns) ---   %indvar.next = add i32 %indvar, 1
(2.34 ns) --- (6.14 ns) ---   %exitcond2 = icmp eq i32 %indvar.next, 16
(0.00 ns) --- (6.14 ns) ---   br i1 %exitcond2, label %35, label %.preheader

-----------------Function: huff_make_dhuff_tb---------------
-------------------------7---------------------------
-----------------Delay of path:4.43 ns---------------
-----------------State:LEGUP_F_huff_make_dhuff_tb_BB_preheader3_5-----------------
(4.43 ns) --- (4.43 ns) ---   %2 = icmp slt i32 %1, 1
(0.00 ns) --- (4.43 ns) ---   br i1 %2, label %6, label %.lr.ph.preheader

-----------------Function: huff_make_dhuff_tb---------------
-------------------------8---------------------------
-----------------Delay of path:3.81 ns---------------
-----------------State:LEGUP_F_huff_make_dhuff_tb_BB_preheader3_2-----------------
(0.00 ns) --- (0.00 ns) ---   %indvar16 = phi i32 [ %indvar.next17, %6 ], [ 0, %0 ]
(3.81 ns) --- (3.81 ns) ---   %i.015 = add i32 %indvar16, 1

-----------------Function: huff_make_dhuff_tb---------------
-------------------------9---------------------------
-----------------Delay of path:3.81 ns---------------
-----------------State:LEGUP_F_huff_make_dhuff_tb_BB_lrph_7-----------------
(0.00 ns) --- (0.00 ns) ---   %indvar12 = phi i32 [ 0, %.lr.ph.preheader ], [ %indvar.next13, %.lr.ph ]
(3.81 ns) --- (3.81 ns) ---   %3 = add i32 %p.014, %indvar12

-----------------Function: huff_make_dhuff_tb---------------
-------------------------10---------------------------
-----------------Delay of path:3.81 ns---------------
-----------------State:LEGUP_F_huff_make_dhuff_tb_BB_outer_16-----------------
(0.00 ns) --- (0.00 ns) ---   %p.2.ph = phi i32 [ 0, %7 ], [ %15, %.outer.loopexit ]
(3.81 ns) --- (3.81 ns) ---   %11 = add i32 %p.2.ph, 1


-----------------Function: DecodeHuffman---------------
-------------------------1---------------------------
-----------------Delay of path:7.61 ns---------------
-----------------State:LEGUP_F_DecodeHuffman_BB__52_55-----------------
(3.81 ns) --- (3.81 ns) ---   %57 = add nsw i32 %56, %code.0.lcssa
(3.80 ns) --- (7.61 ns) ---   %60 = sub i32 %57, %59

-----------------Function: DecodeHuffman---------------
-------------------------2---------------------------
-----------------Delay of path:4.43 ns---------------
-----------------State:LEGUP_F_DecodeHuffman_BB__0_3-----------------
(4.43 ns) --- (4.43 ns) ---   %2 = icmp slt i32 %1, 0
(0.00 ns) --- (4.43 ns) ---   br i1 %2, label %3, label %._crit_edge.i

-----------------Function: DecodeHuffman---------------
-------------------------3---------------------------
-----------------Delay of path:4.43 ns---------------
-----------------State:LEGUP_F_DecodeHuffman_BB_buf_getbexit_24-----------------
(4.43 ns) --- (4.43 ns) ---   %23 = icmp sgt i32 %..i, %22
(0.00 ns) --- (4.43 ns) ---   br i1 %23, label %.lr.ph.preheader, label %._crit_edge

-----------------Function: DecodeHuffman---------------
-------------------------4---------------------------
-----------------Delay of path:4.43 ns---------------
-----------------State:LEGUP_F_DecodeHuffman_BB_lrph_26-----------------
(0.00 ns) --- (0.00 ns) ---   %24 = phi i32 [ %17, %.lr.ph.preheader ], [ %42, %buf_getb.exit9 ]
(4.43 ns) --- (4.43 ns) ---   %27 = icmp slt i32 %24, 0
(0.00 ns) --- (4.43 ns) ---   br i1 %27, label %28, label %buf_getb.exit9

-----------------Function: DecodeHuffman---------------
-------------------------5---------------------------
-----------------Delay of path:4.43 ns---------------
-----------------State:LEGUP_F_DecodeHuffman_BB_buf_getbexit9_45-----------------
(4.43 ns) --- (4.43 ns) ---   %48 = icmp sgt i32 %46, %47
(0.00 ns) --- (4.43 ns) ---   br i1 %48, label %.lr.ph, label %._crit_edge.loopexit

-----------------Function: DecodeHuffman---------------
-------------------------6---------------------------
-----------------Delay of path:4.43 ns---------------
-----------------State:LEGUP_F_DecodeHuffman_BB__crit_edge_49-----------------
(4.43 ns) --- (4.43 ns) ---   %51 = icmp slt i32 %code.0.lcssa, %50
(0.00 ns) --- (4.43 ns) ---   br i1 %51, label %52, label %63

-----------------Function: DecodeHuffman---------------
-------------------------7---------------------------
-----------------Delay of path:3.81 ns---------------
-----------------State:LEGUP_F_DecodeHuffman_BB_lrph_26-----------------
(0.00 ns) --- (0.00 ns) ---   %indvar = phi i32 [ 0, %.lr.ph.preheader ], [ %indvar.next, %buf_getb.exit9 ]
(3.81 ns) --- (3.81 ns) ---   %25 = add i32 %indvar, 2

-----------------Function: DecodeHuffman---------------
-------------------------8---------------------------
-----------------Delay of path:3.81 ns---------------
-----------------State:LEGUP_F_DecodeHuffman_BB_buf_getbexit9_42-----------------
(3.81 ns) --- (3.81 ns) ---   %indvar.next = add i32 %indvar, 1

-----------------Function: DecodeHuffman---------------
-------------------------9---------------------------
-----------------Delay of path:3.80 ns---------------
-----------------State:LEGUP_F_DecodeHuffman_BB__52_55-----------------
(3.80 ns) --- (3.80 ns) ---   %60 = sub i32 %57, %59

-----------------Function: DecodeHuffman---------------
-------------------------10---------------------------
-----------------Delay of path:3.63 ns---------------
-----------------State:LEGUP_F_DecodeHuffman_BB_buf_getbexit9_44-----------------
(0.66 ns) --- (0.66 ns) ---   %45 = and i32 %44, %41
(2.34 ns) --- (3.00 ns) ---   %not..i7 = icmp ne i32 %45, 0
(0.00 ns) --- (3.00 ns) ---   %..i8 = zext i1 %not..i7 to i32
(0.63 ns) --- (3.63 ns) ---   %46 = or i32 %..i8, %26


-----------------Function: DecodeHuffMCU---------------
-------------------------1---------------------------
-----------------Delay of path:8.24 ns---------------
-----------------State:LEGUP_F_DecodeHuffMCU_BB__43_28-----------------
(3.81 ns) --- (3.81 ns) ---   %44 = add nsw i32 %41, %k.02
(4.43 ns) --- (8.24 ns) ---   %45 = icmp sgt i32 %44, 63
(0.00 ns) --- (8.24 ns) ---   br i1 %45, label %66, label %46

-----------------Function: DecodeHuffMCU---------------
-------------------------2---------------------------
-----------------Delay of path:4.44 ns---------------
-----------------State:LEGUP_F_DecodeHuffMCU_BB__19_14-----------------
(0.63 ns) --- (0.63 ns) ---   %22 = or i32 %21, %13
(3.81 ns) --- (4.44 ns) ---   %23 = add nsw i32 %22, 1

-----------------Function: DecodeHuffMCU---------------
-------------------------3---------------------------
-----------------Delay of path:4.43 ns---------------
-----------------State:LEGUP_F_DecodeHuffMCU_BB_backedge_41-----------------
(0.00 ns) --- (0.00 ns) ---   %k.0.be = phi i32 [ %60, %59 ], [ %64, %63 ]
(4.43 ns) --- (4.43 ns) ---   %65 = icmp slt i32 %k.0.be, 64
(0.00 ns) --- (4.43 ns) ---   br i1 %65, label %36, label %66

-----------------Function: DecodeHuffMCU---------------
-------------------------4---------------------------
-----------------Delay of path:3.81 ns---------------
-----------------State:LEGUP_F_DecodeHuffMCU_BB__12_8-----------------
(3.81 ns) --- (3.81 ns) ---   %14 = add nsw i32 %10, -1

-----------------Function: DecodeHuffMCU---------------
-------------------------5---------------------------
-----------------Delay of path:3.81 ns---------------
-----------------State:LEGUP_F_DecodeHuffMCU_BB__46_29-----------------
(3.81 ns) --- (3.81 ns) ---   %49 = add nsw i32 %39, -1

-----------------Function: DecodeHuffMCU---------------
-------------------------6---------------------------
-----------------Delay of path:3.81 ns---------------
-----------------State:LEGUP_F_DecodeHuffMCU_BB__59_38-----------------
(3.81 ns) --- (3.81 ns) ---   %60 = add nsw i32 %44, 1

-----------------Function: DecodeHuffMCU---------------
-------------------------7---------------------------
-----------------Delay of path:3.81 ns---------------
-----------------State:LEGUP_F_DecodeHuffMCU_BB__63_40-----------------
(3.81 ns) --- (3.81 ns) ---   %64 = add nsw i32 %k.02, 16

-----------------Function: DecodeHuffMCU---------------
-------------------------8---------------------------
-----------------Delay of path:3.00 ns---------------
-----------------State:LEGUP_F_DecodeHuffMCU_BB__12_12-----------------
(0.66 ns) --- (0.66 ns) ---   %17 = and i32 %16, %13
(2.34 ns) --- (3.00 ns) ---   %18 = icmp eq i32 %17, 0
(0.00 ns) --- (3.00 ns) ---   br i1 %18, label %19, label %24

-----------------Function: DecodeHuffMCU---------------
-------------------------9---------------------------
-----------------Delay of path:3.00 ns---------------
-----------------State:LEGUP_F_DecodeHuffMCU_BB__46_34-----------------
(0.66 ns) --- (0.66 ns) ---   %52 = and i32 %51, %47
(2.34 ns) --- (3.00 ns) ---   %53 = icmp eq i32 %52, 0
(0.00 ns) --- (3.00 ns) ---   br i1 %53, label %54, label %59

-----------------Function: DecodeHuffMCU---------------
-------------------------10---------------------------
-----------------Delay of path:2.34 ns---------------
-----------------State:LEGUP_F_DecodeHuffMCU_BB__0_7-----------------
(2.34 ns) --- (2.34 ns) ---   %11 = icmp eq i32 %10, 0
(0.00 ns) --- (2.34 ns) ---   br i1 %11, label %.lr.ph, label %12


-----------------Function: main---------------
-------------------------1---------------------------
-----------------Delay of path:16.81 ns---------------
-----------------State:LEGUP_F_main_BB_read_markersexiti_314-----------------
(0.00 ns) --- (0.00 ns) ---   %497 = sext i16 %496 to i32
(3.81 ns) --- (3.81 ns) ---   %498 = add nsw i32 %497, -1
(13.00 ns) --- (16.81 ns) ---   %499 = sdiv i32 %498, 8

-----------------Function: main---------------
-------------------------2---------------------------
-----------------Delay of path:13.00 ns---------------
-----------------State:LEGUP_F_main_BB_read_markersexiti_315-----------------
(13.00 ns) --- (13.00 ns) ---   %494 = sdiv i32 %493, 8

-----------------Function: main---------------
-------------------------3---------------------------
-----------------Delay of path:13.00 ns---------------
-----------------State:LEGUP_F_main_BB__532_379-----------------
(13.00 ns) --- (13.00 ns) ---   %537 = icmp ult i32* %scevgep22, %514
(0.00 ns) --- (13.00 ns) ---   br i1 %537, label %532, label %IQuantize.exit.i.i.i

-----------------Function: main---------------
-------------------------4---------------------------
-----------------Delay of path:13.00 ns---------------
-----------------State:LEGUP_F_main_BB__538_386-----------------
(13.00 ns) --- (13.00 ns) ---   %542 = icmp ult i32* %scevgep27, %516
(0.00 ns) --- (13.00 ns) ---   br i1 %542, label %538, label %PostshiftIDctMatrix.exit.i.i.i.preheader

-----------------Function: main---------------
-------------------------5---------------------------
-----------------Delay of path:13.00 ns---------------
-----------------State:LEGUP_F_main_BB__550_397-----------------
(13.00 ns) --- (13.00 ns) ---   %551 = icmp ult i32* %scevgep31, %516
(0.00 ns) --- (13.00 ns) ---   br i1 %551, label %PostshiftIDctMatrix.exit.i.i.i, label %decode_block.exit.i.i

-----------------Function: main---------------
-------------------------6---------------------------
-----------------Delay of path:13.00 ns---------------
-----------------State:LEGUP_F_main_BB__662_453-----------------
(13.00 ns) --- (13.00 ns) ---   %667 = icmp ult i32* %scevgep98, %645
(0.00 ns) --- (13.00 ns) ---   br i1 %667, label %662, label %IQuantize.exit.i8.i.i

-----------------Function: main---------------
-------------------------7---------------------------
-----------------Delay of path:13.00 ns---------------
-----------------State:LEGUP_F_main_BB__668_460-----------------
(13.00 ns) --- (13.00 ns) ---   %672 = icmp ult i32* %scevgep107, %scevgep118
(0.00 ns) --- (13.00 ns) ---   br i1 %672, label %668, label %PostshiftIDctMatrix.exit.i11.i.i.preheader

-----------------Function: main---------------
-------------------------8---------------------------
-----------------Delay of path:13.00 ns---------------
-----------------State:LEGUP_F_main_BB__680_471-----------------
(13.00 ns) --- (13.00 ns) ---   %681 = icmp ult i32* %scevgep111, %scevgep118
(0.00 ns) --- (13.00 ns) ---   br i1 %681, label %PostshiftIDctMatrix.exit.i11.i.i, label %decode_block.exit12.i.i

-----------------Function: main---------------
-------------------------9---------------------------
-----------------Delay of path:13.00 ns---------------
-----------------State:LEGUP_F_main_BB__692_485-----------------
(13.00 ns) --- (13.00 ns) ---   %697 = icmp ult i32* %scevgep125, %645
(0.00 ns) --- (13.00 ns) ---   br i1 %697, label %692, label %IQuantize.exit.i20.i.i

-----------------Function: main---------------
-------------------------10---------------------------
-----------------Delay of path:13.00 ns---------------
-----------------State:LEGUP_F_main_BB__698_492-----------------
(13.00 ns) --- (13.00 ns) ---   %702 = icmp ult i32* %scevgep130, %647
(0.00 ns) --- (13.00 ns) ---   br i1 %702, label %698, label %PostshiftIDctMatrix.exit.i23.i.i.preheader


