//----------------------------------------------------------------------------//
// Generated by LegUp High-Level Synthesis Tool Version 4.0 (http://legup.org)
// Compiled: Fri Nov 25 00:05:27 2016
// University of Toronto
// For research and academic purposes only. Commercial use is prohibited.
// Please send bugs to: legup@eecg.toronto.edu
// Date: Fri Nov 25 14:59:29 2016
//----------------------------------------------------------------------------//

-----------------Function: main---------------
-------------------------1---------------------------
-----------------Delay of path:16.81 ns---------------
-----------------State:LEGUP_F_main_BB_read_markersexiti_314-----------------
(0.00 ns) --- (0.00 ns) ---   %497 = sext i16 %496 to i32
(3.81 ns) --- (3.81 ns) ---   %498 = add nsw i32 %497, -1
(13.00 ns) --- (16.81 ns) ---   %499 = sdiv i32 %498, 8

-----------------Function: ChenIDct---------------
-------------------------2---------------------------
-----------------Delay of path:16.81 ns---------------
-----------------State:LEGUP_F_ChenIDct_BB_preheader_28-----------------
(3.81 ns) --- (3.81 ns) ---   %145 = add i32 %144, %141
(13.00 ns) --- (16.81 ns) ---   %146 = sdiv i32 %145, 16

-----------------Function: ChenIDct---------------
-------------------------3---------------------------
-----------------Delay of path:16.81 ns---------------
-----------------State:LEGUP_F_ChenIDct_BB_preheader_28-----------------
(0.00 ns) --- (0.00 ns) ---   %142 = ashr i32 %141, 31
(0.00 ns) --- (0.00 ns) ---   %143 = and i32 %142, -16
(0.00 ns) --- (0.00 ns) ---   %144 = or i32 %143, 8
(3.81 ns) --- (3.81 ns) ---   %145 = add i32 %144, %141
(13.00 ns) --- (16.81 ns) ---   %146 = sdiv i32 %145, 16

-----------------Function: main---------------
-------------------------4---------------------------
-----------------Delay of path:13.00 ns---------------
-----------------State:LEGUP_F_main_BB__698_492-----------------
(13.00 ns) --- (13.00 ns) ---   %702 = icmp ult i32* %scevgep130, %647
(0.00 ns) --- (13.00 ns) ---   br i1 %702, label %698, label %PostshiftIDctMatrix.exit.i23.i.i.preheader

-----------------Function: main---------------
-------------------------5---------------------------
-----------------Delay of path:13.00 ns---------------
-----------------State:LEGUP_F_main_BB__692_485-----------------
(13.00 ns) --- (13.00 ns) ---   %697 = icmp ult i32* %scevgep125, %645
(0.00 ns) --- (13.00 ns) ---   br i1 %697, label %692, label %IQuantize.exit.i20.i.i

-----------------Function: main---------------
-------------------------6---------------------------
-----------------Delay of path:13.00 ns---------------
-----------------State:LEGUP_F_main_BB__680_471-----------------
(13.00 ns) --- (13.00 ns) ---   %681 = icmp ult i32* %scevgep111, %scevgep118
(0.00 ns) --- (13.00 ns) ---   br i1 %681, label %PostshiftIDctMatrix.exit.i11.i.i, label %decode_block.exit12.i.i

-----------------Function: main---------------
-------------------------7---------------------------
-----------------Delay of path:13.00 ns---------------
-----------------State:LEGUP_F_main_BB__668_460-----------------
(13.00 ns) --- (13.00 ns) ---   %672 = icmp ult i32* %scevgep107, %scevgep118
(0.00 ns) --- (13.00 ns) ---   br i1 %672, label %668, label %PostshiftIDctMatrix.exit.i11.i.i.preheader

-----------------Function: main---------------
-------------------------8---------------------------
-----------------Delay of path:13.00 ns---------------
-----------------State:LEGUP_F_main_BB__662_453-----------------
(13.00 ns) --- (13.00 ns) ---   %667 = icmp ult i32* %scevgep98, %645
(0.00 ns) --- (13.00 ns) ---   br i1 %667, label %662, label %IQuantize.exit.i8.i.i

-----------------Function: main---------------
-------------------------9---------------------------
-----------------Delay of path:13.00 ns---------------
-----------------State:LEGUP_F_main_BB__550_397-----------------
(13.00 ns) --- (13.00 ns) ---   %551 = icmp ult i32* %scevgep31, %516
(0.00 ns) --- (13.00 ns) ---   br i1 %551, label %PostshiftIDctMatrix.exit.i.i.i, label %decode_block.exit.i.i

-----------------Function: main---------------
-------------------------10---------------------------
-----------------Delay of path:13.00 ns---------------
-----------------State:LEGUP_F_main_BB__538_386-----------------
(13.00 ns) --- (13.00 ns) ---   %542 = icmp ult i32* %scevgep27, %516
(0.00 ns) --- (13.00 ns) ---   br i1 %542, label %538, label %PostshiftIDctMatrix.exit.i.i.i.preheader


