//----------------------------------------------------------------------------//
// Generated by LegUp High-Level Synthesis Tool Version 4.0 (http://legup.org)
// Compiled: Fri Nov 25 00:05:27 2016
// University of Toronto
// For research and academic purposes only. Commercial use is prohibited.
// Please send bugs to: legup@eecg.toronto.edu
// Date: Fri Nov 25 22:17:19 2016
//----------------------------------------------------------------------------//

Target Family: CycloneV
Clock period constraint: 2.000000e+01ns
Start Function: main
state: LEGUP_0
   br label %1
   Transition: if (start): LEGUP_F_main_BB__1_1 default: LEGUP_0
state: LEGUP_F_main_BB__1_1
   %r.02 = phi i32 [ 0, %0 ], [ %3, %1 ] (endState: LEGUP_F_main_BB__1_1)
   %i.01 = phi i32 [ 0, %0 ], [ %4, %1 ] (endState: LEGUP_F_main_BB__1_1)
   %scevgep = getelementptr [1024 x i32]* @a, i32 0, i32 %i.01 (endState: LEGUP_F_main_BB__1_1)
   tail call void @__legup_label(i8* getelementptr inbounds ([5 x i8]* @.str, i32 0, i32 0)) #2 (endState: LEGUP_F_main_BB__1_1)
   %2 = load i32* %scevgep, align 4, !tbaa !1 (endState: LEGUP_F_main_BB__1_3)
   %4 = add nsw i32 %i.01, 1 (endState: LEGUP_F_main_BB__1_1)
   %exitcond1 = icmp eq i32 %4, 1024 (endState: LEGUP_F_main_BB__1_1)
   Transition: default: LEGUP_F_main_BB__1_2
state: LEGUP_F_main_BB__1_2
   Transition: default: LEGUP_F_main_BB__1_3
state: LEGUP_F_main_BB__1_3
   %3 = add i32 %2, %r.02 (endState: LEGUP_F_main_BB__1_3)
   br i1 %exitcond1, label %5, label %1
   Transition: if (%exitcond1): LEGUP_F_main_BB__5_4 default: LEGUP_F_main_BB__1_1
state: LEGUP_F_main_BB__5_4
   %6 = tail call i32 (i8*, ...)* @printf(i8* getelementptr inbounds ([12 x i8]* @.str1, i32 0, i32 0), i32 %3) #2 (endState: LEGUP_F_main_BB__5_4)
   %7 = icmp eq i32 %3, 2051 (endState: LEGUP_F_main_BB__5_4)
   br i1 %7, label %8, label %10
   Transition: if (%7): LEGUP_F_main_BB__8_5 default: LEGUP_F_main_BB__10_6
state: LEGUP_F_main_BB__8_5
   %9 = tail call i32 (i8*, ...)* @printf(i8* getelementptr inbounds ([14 x i8]* @.str2, i32 0, i32 0)) #2 (endState: LEGUP_F_main_BB__8_5)
   br label %12
   Transition: default: LEGUP_F_main_BB__12_7
state: LEGUP_F_main_BB__10_6
   %11 = tail call i32 (i8*, ...)* @printf(i8* getelementptr inbounds ([14 x i8]* @.str3, i32 0, i32 0)) #2 (endState: LEGUP_F_main_BB__10_6)
   br label %12
   Transition: default: LEGUP_F_main_BB__12_7
state: LEGUP_F_main_BB__12_7
   ret i32 %3
   Transition: default: LEGUP_0

Basic Block: %0 Num States: 1
Basic Block: %1 Num States: 3
Basic Block: %5 Num States: 1
Basic Block: %8 Num States: 1
Basic Block: %10 Num States: 1
Basic Block: %12 Num States: 1
End Function: main
--------------------------------------------------------------------------------

