//----------------------------------------------------------------------------//
// Generated by LegUp High-Level Synthesis Tool Version 4.0 (http://legup.org)
// Compiled: Fri Nov 25 00:05:27 2016
// University of Toronto
// For research and academic purposes only. Commercial use is prohibited.
// Please send bugs to: legup@eecg.toronto.edu
// Date: Fri Nov 25 22:17:19 2016
//----------------------------------------------------------------------------//

-------------------------- Datapath Operation Usage --------------------------

Operation "unknown" x 12 
Operation "signed_add_32" x 2 
Operation "signed_comp_eq_32" x 2 

----------------------------- General Information -----------------------------

Number of declared variables in main: 9
Critical path contains operation: signed_add_32

------------------------------ Resource Estimate ------------------------------

Fmax: 400 MHz
Note: Assuming only 87 DSPs available
Warning: These estimates don't account for binding yet!
Logic Elements: 222
    Combinational: 92
    Registers: 226
DSP Elements: 0
