//----------------------------------------------------------------------------//
// Generated by LegUp High-Level Synthesis Tool Version 4.0 (http://legup.org)
// Compiled: Fri Nov 25 00:05:27 2016
// University of Toronto
// For research and academic purposes only. Commercial use is prohibited.
// Please send bugs to: legup@eecg.toronto.edu
// Date: Fri Nov 25 22:17:19 2016
//----------------------------------------------------------------------------//

-----------------Function: main---------------
-------------------------1---------------------------
-----------------Delay of path:4.99 ns---------------
-----------------State:LEGUP_F_main_BB__1_1-----------------
(0.00 ns) --- (0.00 ns) ---   %i.01 = phi i32 [ 0, %0 ], [ %4, %1 ]
(2.50 ns) --- (2.50 ns) ---   %4 = add nsw i32 %i.01, 1
(2.49 ns) --- (4.99 ns) ---   %exitcond1 = icmp eq i32 %4, 1024
(0.00 ns) --- (4.99 ns) ---   br i1 %exitcond1, label %5, label %1

-----------------Function: main---------------
-------------------------2---------------------------
-----------------Delay of path:2.50 ns---------------
-----------------State:LEGUP_F_main_BB__1_3-----------------
(2.50 ns) --- (2.50 ns) ---   %3 = add i32 %2, %r.02

-----------------Function: main---------------
-------------------------3---------------------------
-----------------Delay of path:2.49 ns---------------
-----------------State:LEGUP_F_main_BB__5_4-----------------
(2.49 ns) --- (2.49 ns) ---   %7 = icmp eq i32 %3, 2051
(0.00 ns) --- (2.49 ns) ---   br i1 %7, label %8, label %10

-----------------Function: main---------------
-------------------------4---------------------------
-----------------Delay of path:0.00 ns---------------
-----------------State:LEGUP_F_main_BB__10_6-----------------
(0.00 ns) --- (0.00 ns) ---   br label %12

-----------------Function: main---------------
-------------------------5---------------------------
-----------------Delay of path:0.00 ns---------------
-----------------State:LEGUP_F_main_BB__10_6-----------------
(0.00 ns) --- (0.00 ns) ---   %11 = tail call i32 (i8*, ...)* @printf(i8* getelementptr inbounds ([14 x i8]* @.str3, i32 0, i32 0)) #2

-----------------Function: main---------------
-------------------------6---------------------------
-----------------Delay of path:0.00 ns---------------
-----------------State:LEGUP_F_main_BB__8_5-----------------
(0.00 ns) --- (0.00 ns) ---   br label %12

-----------------Function: main---------------
-------------------------7---------------------------
-----------------Delay of path:0.00 ns---------------
-----------------State:LEGUP_F_main_BB__8_5-----------------
(0.00 ns) --- (0.00 ns) ---   %9 = tail call i32 (i8*, ...)* @printf(i8* getelementptr inbounds ([14 x i8]* @.str2, i32 0, i32 0)) #2

-----------------Function: main---------------
-------------------------8---------------------------
-----------------Delay of path:0.00 ns---------------
-----------------State:LEGUP_F_main_BB__5_4-----------------
(0.00 ns) --- (0.00 ns) ---   %6 = tail call i32 (i8*, ...)* @printf(i8* getelementptr inbounds ([12 x i8]* @.str1, i32 0, i32 0), i32 %3) #2

-----------------Function: main---------------
-------------------------9---------------------------
-----------------Delay of path:0.00 ns---------------
-----------------State:LEGUP_F_main_BB__1_1-----------------
(0.00 ns) --- (0.00 ns) ---   tail call void @__legup_label(i8* getelementptr inbounds ([5 x i8]* @.str, i32 0, i32 0)) #2

-----------------Function: main---------------
-------------------------10---------------------------
-----------------Delay of path:0.00 ns---------------
-----------------State:LEGUP_F_main_BB__1_1-----------------
(0.00 ns) --- (0.00 ns) ---   %r.02 = phi i32 [ 0, %0 ], [ %3, %1 ]


